12:58:19.248 [main] INFO  Testcase.Tc_001_Reg - **** Starting Tc_001_Reg ****
12:58:19.640 [main] INFO  Testcase.Tc_001_Reg - **** Clicked on Login button ****
12:58:19.727 [main] INFO  Testcase.Tc_001_Reg - **** Entered Gmail ****
12:58:19.768 [main] INFO  Testcase.Tc_001_Reg - ****  Entered Password ****
12:58:20.057 [main] INFO  Testcase.Tc_001_Reg - **** Continue to Click login button ****
12:58:30.390 [main] INFO  Testcase.Tc_001_Reg - **** Finally Logout the account ****
12:58:30.390 [main] ERROR Testcase.Tc_001_Reg - *** Test failed ***
12:58:30.390 [main] INFO  Testcase.Tc_001_Reg - **** Finished Tc_001_Reg ****
13:01:04.920 [main] DEBUG io.netty.util.internal.logging.InternalLoggerFactory - Using Log4J2 as the default logging framework
13:01:04.942 [main] DEBUG io.netty.util.ResourceLeakDetector - -Dio.netty.leakDetection.level: simple
13:01:04.942 [main] DEBUG io.netty.util.ResourceLeakDetector - -Dio.netty.leakDetection.targetRecords: 4
13:01:04.948 [main] DEBUG io.netty.util.ResourceLeakDetectorFactory - Loaded default ResourceLeakDetector: io.netty.util.ResourceLeakDetector@5965844d
13:01:04.980 [main] DEBUG io.netty.util.internal.PlatformDependent0 - -Dio.netty.noUnsafe: false
13:01:04.980 [main] DEBUG io.netty.util.internal.PlatformDependent0 - Java version: 20
13:01:04.982 [main] DEBUG io.netty.util.internal.PlatformDependent0 - sun.misc.Unsafe.theUnsafe: available
13:01:04.983 [main] DEBUG io.netty.util.internal.PlatformDependent0 - sun.misc.Unsafe.copyMemory: available
13:01:04.983 [main] DEBUG io.netty.util.internal.PlatformDependent0 - sun.misc.Unsafe.storeFence: available
13:01:04.984 [main] DEBUG io.netty.util.internal.PlatformDependent0 - java.nio.Buffer.address: available
13:01:04.985 [main] DEBUG io.netty.util.internal.PlatformDependent0 - direct buffer constructor: unavailable: Reflective setAccessible(true) disabled
13:01:04.987 [main] DEBUG io.netty.util.internal.PlatformDependent0 - java.nio.Bits.unaligned: available, true
13:01:04.987 [main] DEBUG io.netty.util.internal.PlatformDependent0 - jdk.internal.misc.Unsafe.allocateUninitializedArray(int): unavailable: class io.netty.util.internal.PlatformDependent0$7 cannot access class jdk.internal.misc.Unsafe (in module java.base) because module java.base does not export jdk.internal.misc to unnamed module @77afea7d
13:01:04.989 [main] DEBUG io.netty.util.internal.PlatformDependent0 - java.nio.DirectByteBuffer.<init>(long, {int,long}): unavailable
13:01:04.989 [main] DEBUG io.netty.util.internal.PlatformDependent - sun.misc.Unsafe: available
13:01:04.990 [main] DEBUG io.netty.util.internal.PlatformDependent - maxDirectMemory: 3187671040 bytes (maybe)
13:01:04.990 [main] DEBUG io.netty.util.internal.PlatformDependent - -Dio.netty.tmpdir: C:\Users\Lenovo\AppData\Local\Temp (java.io.tmpdir)
13:01:04.991 [main] DEBUG io.netty.util.internal.PlatformDependent - -Dio.netty.bitMode: 64 (sun.arch.data.model)
13:01:04.991 [main] DEBUG io.netty.util.internal.PlatformDependent - Platform: Windows
13:01:04.992 [main] DEBUG io.netty.util.internal.PlatformDependent - -Dio.netty.maxDirectMemory: -1 bytes
13:01:04.992 [main] DEBUG io.netty.util.internal.PlatformDependent - -Dio.netty.uninitializedArrayAllocationThreshold: -1
13:01:04.997 [main] DEBUG io.netty.util.internal.CleanerJava9 - java.nio.ByteBuffer.cleaner(): available
13:01:04.997 [main] DEBUG io.netty.util.internal.PlatformDependent - -Dio.netty.noPreferDirect: false
13:01:05.017 [main] DEBUG io.netty.util.internal.PlatformDependent - org.jctools-core.MpscChunkedArrayQueue: available
13:01:05.075 [main] DEBUG io.netty.util.internal.InternalThreadLocalMap - -Dio.netty.threadLocalMap.stringBuilder.initialSize: 1024
13:01:05.075 [main] DEBUG io.netty.util.internal.InternalThreadLocalMap - -Dio.netty.threadLocalMap.stringBuilder.maxSize: 4096
13:01:05.211 [main] DEBUG io.netty.handler.ssl.JdkSslContext - Default protocols (JDK): [TLSv1.3, TLSv1.2] 
13:01:05.212 [main] DEBUG io.netty.handler.ssl.JdkSslContext - Default cipher suites (JDK): [TLS_ECDHE_ECDSA_WITH_AES_256_GCM_SHA384, TLS_ECDHE_ECDSA_WITH_AES_128_GCM_SHA256, TLS_ECDHE_RSA_WITH_AES_128_GCM_SHA256, TLS_ECDHE_RSA_WITH_AES_256_GCM_SHA384, TLS_ECDHE_RSA_WITH_AES_128_CBC_SHA, TLS_ECDHE_RSA_WITH_AES_256_CBC_SHA, TLS_RSA_WITH_AES_128_GCM_SHA256, TLS_RSA_WITH_AES_128_CBC_SHA, TLS_RSA_WITH_AES_256_CBC_SHA, TLS_AES_128_GCM_SHA256, TLS_AES_256_GCM_SHA384]
13:01:05.233 [main] DEBUG io.netty.util.concurrent.GlobalEventExecutor - -Dio.netty.globalEventExecutor.quietPeriodSeconds: 1
13:01:05.248 [main] DEBUG io.netty.channel.MultithreadEventLoopGroup - -Dio.netty.eventLoopThreads: 16
13:01:05.268 [main] DEBUG io.netty.channel.nio.NioEventLoop - -Dio.netty.noKeySetOptimization: false
13:01:05.268 [main] DEBUG io.netty.channel.nio.NioEventLoop - -Dio.netty.selectorAutoRebuildThreshold: 512
13:01:05.329 [main] DEBUG io.netty.buffer.PooledByteBufAllocator - -Dio.netty.allocator.numHeapArenas: 16
13:01:05.330 [main] DEBUG io.netty.buffer.PooledByteBufAllocator - -Dio.netty.allocator.numDirectArenas: 16
13:01:05.330 [main] DEBUG io.netty.buffer.PooledByteBufAllocator - -Dio.netty.allocator.pageSize: 8192
13:01:05.330 [main] DEBUG io.netty.buffer.PooledByteBufAllocator - -Dio.netty.allocator.maxOrder: 9
13:01:05.330 [main] DEBUG io.netty.buffer.PooledByteBufAllocator - -Dio.netty.allocator.chunkSize: 4194304
13:01:05.330 [main] DEBUG io.netty.buffer.PooledByteBufAllocator - -Dio.netty.allocator.smallCacheSize: 256
13:01:05.330 [main] DEBUG io.netty.buffer.PooledByteBufAllocator - -Dio.netty.allocator.normalCacheSize: 64
13:01:05.330 [main] DEBUG io.netty.buffer.PooledByteBufAllocator - -Dio.netty.allocator.maxCachedBufferCapacity: 32768
13:01:05.330 [main] DEBUG io.netty.buffer.PooledByteBufAllocator - -Dio.netty.allocator.cacheTrimInterval: 8192
13:01:05.330 [main] DEBUG io.netty.buffer.PooledByteBufAllocator - -Dio.netty.allocator.cacheTrimIntervalMillis: 0
13:01:05.330 [main] DEBUG io.netty.buffer.PooledByteBufAllocator - -Dio.netty.allocator.useCacheForAllThreads: false
13:01:05.330 [main] DEBUG io.netty.buffer.PooledByteBufAllocator - -Dio.netty.allocator.maxCachedByteBuffersPerChunk: 1023
13:01:05.355 [main] DEBUG io.netty.buffer.ByteBufUtil - -Dio.netty.allocator.type: pooled
13:01:05.355 [main] DEBUG io.netty.buffer.ByteBufUtil - -Dio.netty.threadLocalDirectBufferSize: 0
13:01:05.356 [main] DEBUG io.netty.buffer.ByteBufUtil - -Dio.netty.maxThreadLocalCharBufferSize: 16384
13:01:05.898 [Forwarding newSession on session null to remote] DEBUG io.netty.channel.DefaultChannelId - -Dio.netty.processId: 29156 (auto-detected)
13:01:05.907 [Forwarding newSession on session null to remote] DEBUG io.netty.util.NetUtil - -Djava.net.preferIPv4Stack: false
13:01:05.908 [Forwarding newSession on session null to remote] DEBUG io.netty.util.NetUtil - -Djava.net.preferIPv6Addresses: false
13:01:05.922 [Forwarding newSession on session null to remote] DEBUG io.netty.util.NetUtilInitializations - Loopback interface: lo (Software Loopback Interface 1, 127.0.0.1)
13:01:05.923 [Forwarding newSession on session null to remote] DEBUG io.netty.util.NetUtil - Failed to get SOMAXCONN from sysctl and file \proc\sys\net\core\somaxconn. Default: 200
13:01:05.945 [Forwarding newSession on session null to remote] DEBUG io.netty.channel.DefaultChannelId - -Dio.netty.machineId: 28:39:26:ff:fe:65:ee:65 (auto-detected)
13:01:06.027 [AsyncHttpClient-1-2] DEBUG io.netty.buffer.AbstractByteBuf - -Dio.netty.buffer.checkAccessible: true
13:01:06.028 [AsyncHttpClient-1-2] DEBUG io.netty.buffer.AbstractByteBuf - -Dio.netty.buffer.checkBounds: true
13:01:06.028 [AsyncHttpClient-1-2] DEBUG io.netty.util.ResourceLeakDetectorFactory - Loaded default ResourceLeakDetector: io.netty.util.ResourceLeakDetector@fff1f6a
13:01:06.070 [AsyncHttpClient-1-2] DEBUG io.netty.util.Recycler - -Dio.netty.recycler.maxCapacityPerThread: 4096
13:01:06.070 [AsyncHttpClient-1-2] DEBUG io.netty.util.Recycler - -Dio.netty.recycler.ratio: 8
13:01:06.070 [AsyncHttpClient-1-2] DEBUG io.netty.util.Recycler - -Dio.netty.recycler.chunkSize: 32
13:01:06.070 [AsyncHttpClient-1-2] DEBUG io.netty.util.Recycler - -Dio.netty.recycler.blocking: false
13:01:06.070 [AsyncHttpClient-1-2] DEBUG io.netty.util.Recycler - -Dio.netty.recycler.batchFastThreadLocalOnly: true
13:01:10.415 [AsyncHttpClient-1-2] DEBUG io.netty.handler.codec.compression.Brotli - brotli4j not in the classpath; Brotli support will be unavailable.
13:01:27.639 [main] INFO  Testcase.Tc_001_Reg - **** Starting Tc_001_Reg ****
13:01:27.914 [main] INFO  Testcase.Tc_001_Reg - **** Clicked on Login button ****
13:01:27.990 [main] INFO  Testcase.Tc_001_Reg - **** Entered Email ****
13:01:28.016 [main] INFO  Testcase.Tc_001_Reg - ****  Entered Password ****
13:01:28.240 [main] INFO  Testcase.Tc_001_Reg - **** Continue to Click login button ****
13:01:38.289 [main] DEBUG io.netty.util.internal.ThreadLocalRandom - -Dio.netty.initialSeedUniquifier: 0x414c0988d44c583b
09:21:32.346 [main] INFO  Testcase.Tc_001_Reg - **** Starting Tc_001_Reg ****
09:21:32.545 [main] INFO  Testcase.Tc_001_Reg - **** Clicked on Login button ****
09:21:32.686 [main] INFO  Testcase.Tc_001_Reg - **** Entered Email ****
09:21:32.753 [main] INFO  Testcase.Tc_001_Reg - ****  Entered Password ****
09:21:32.805 [main] INFO  Testcase.Tc_001_Reg - **** Continue to Click login button ****
09:21:42.914 [main] INFO  Testcase.Tc_001_Reg - **** Finally Logout the account ****
09:21:42.914 [main] INFO  Testcase.Tc_001_Reg - **** Finished Tc_001_Reg ****
11:33:59.719 [main] INFO  Testcase.Tc_001_Reg - **** Starting Tc_001_Reg ****
11:33:59.895 [main] INFO  Testcase.Tc_001_Reg - **** Clicked on Login button ****
11:34:00.094 [main] INFO  Testcase.Tc_001_Reg - **** Entered Email ****
11:34:00.220 [main] INFO  Testcase.Tc_001_Reg - ****  Entered Password ****
11:34:00.437 [main] INFO  Testcase.Tc_001_Reg - **** Continue to Click login button ****
11:34:10.658 [main] INFO  Testcase.Tc_001_Reg - **** Finally Logout the account ****
11:34:10.658 [main] INFO  Testcase.Tc_001_Reg - **** Finished Tc_001_Reg ****
11:43:46.479 [main] INFO  Testcase.Tc_001_Reg - **** Starting Tc_001_Reg ****
11:43:46.674 [main] INFO  Testcase.Tc_001_Reg - **** Clicked on Login button ****
11:43:46.991 [main] INFO  Testcase.Tc_001_Reg - **** Entered Email ****
11:43:47.236 [main] INFO  Testcase.Tc_001_Reg - ****  Entered Password ****
11:43:47.412 [main] INFO  Testcase.Tc_001_Reg - **** Continue to Click login button ****
11:43:57.705 [main] INFO  Testcase.Tc_001_Reg - **** Finally Logout the account ****
11:43:57.705 [main] INFO  Testcase.Tc_001_Reg - **** Finished Tc_001_Reg ****
13:23:12.204 [main] INFO  Testcase.Tc_001_Reg - **** Starting Tc_001_Reg ****
13:23:12.386 [main] INFO  Testcase.Tc_001_Reg - **** Clicked on Login button ****
13:23:12.589 [main] INFO  Testcase.Tc_001_Reg - **** Entered Email ****
13:23:12.729 [main] INFO  Testcase.Tc_001_Reg - ****  Entered Password ****
13:23:12.843 [main] INFO  Testcase.Tc_001_Reg - **** Continue to Click login button ****
13:23:22.971 [main] INFO  Testcase.Tc_001_Reg - **** Finally Logout the account ****
13:23:22.971 [main] INFO  Testcase.Tc_001_Reg - **** Finished Tc_001_Reg ****
13:24:06.975 [main] INFO  Testcase.Tc_001_Reg - **** Starting Tc_001_Reg ****
13:24:07.171 [main] INFO  Testcase.Tc_001_Reg - **** Clicked on Login button ****
13:24:07.396 [main] INFO  Testcase.Tc_001_Reg - **** Entered Email ****
13:24:07.544 [main] INFO  Testcase.Tc_001_Reg - ****  Entered Password ****
13:24:07.660 [main] INFO  Testcase.Tc_001_Reg - **** Continue to Click login button ****
13:24:17.806 [main] INFO  Testcase.Tc_001_Reg - **** Finally Logout the account ****
13:24:17.806 [main] INFO  Testcase.Tc_001_Reg - **** Finished Tc_001_Reg ****
09:57:10.554 [main] INFO  Testcase.Tc_001_Reg - **** Starting Tc_001_Reg ****
09:57:10.669 [main] INFO  Testcase.Tc_001_Reg - **** Clicked on Login button ****
09:57:10.801 [main] INFO  Testcase.Tc_001_Reg - **** Entered Email ****
09:57:10.875 [main] INFO  Testcase.Tc_001_Reg - ****  Entered Password ****
09:57:10.934 [main] INFO  Testcase.Tc_001_Reg - **** Continue to Click login button ****
09:57:21.077 [main] INFO  Testcase.Tc_001_Reg - **** Finally Logout the account ****
09:57:21.077 [main] INFO  Testcase.Tc_001_Reg - **** Finished Tc_001_Reg ****
01:25:38.069 [main] INFO  Testcase.Tc_001_Reg - **** Starting Tc_001_Reg ****
01:25:38.267 [main] INFO  Testcase.Tc_001_Reg - **** Clicked on Login button ****
01:25:38.505 [main] INFO  Testcase.Tc_001_Reg - **** Entered Email ****
01:25:38.653 [main] INFO  Testcase.Tc_001_Reg - ****  Entered Password ****
01:25:38.766 [main] INFO  Testcase.Tc_001_Reg - **** Continue to Click login button ****
01:25:48.886 [main] INFO  Testcase.Tc_001_Reg - **** Finally Logout the account ****
01:25:48.886 [main] INFO  Testcase.Tc_001_Reg - **** Finished Tc_001_Reg ****
